Build started 6/14/2014 12:13:06 PM.
     1>Project "C:\Users\Karbon\Desktop\DreamscapeTest\DreamscapeTest\Injected\Injected.vcxproj" on node 2 (Rebuild target(s)).
     1>C:\Program Files (x86)\MSBuild\Microsoft.Cpp\v4.0\V120\Microsoft.CppBuild.targets(388,5): warning MSB8028: The intermediate directory (x64\Release\) contains files shared from another project (Injected.vcxproj).  This can lead to incorrect clean and rebuild behavior.
     1>ClCompile:
         C:\Program Files (x86)\Microsoft Visual Studio 12.0\VC\bin\x86_amd64\CL.exe /c /Zi /nologo /W3 /WX- /O2 /Oi /GL /D WIN32 /D NDEBUG /D _WINDOWS /D _USRDLL /D INJECTED_EXPORTS /D _WINDLL /D _UNICODE /D UNICODE /Gm- /EHsc /MDd /GS /Gy /fp:precise /Zc:wchar_t /Zc:forScope /Fo"x64\Release\\" /Fd"x64\Release\vc120.pdb" /Gd /TP /errorReport:prompt Source\DesktopDraw.cpp Source\Main.cpp
         DesktopDraw.cpp
     1>Source\DesktopDraw.cpp(118): warning C4305: 'argument' : truncation from '__int64' to 'DWORD'
     1>Source\DesktopDraw.cpp(118): warning C4309: 'argument' : truncation of constant value
     1>Source\DesktopDraw.cpp(170): warning C4018: '<' : signed/unsigned mismatch
     1>Source\DesktopDraw.cpp(262): warning C4244: '-=' : conversion from 'double' to 'float', possible loss of data
     1>Source\DesktopDraw.cpp(265): warning C4244: '+=' : conversion from 'double' to 'float', possible loss of data
     1>Source\DesktopDraw.cpp(274): warning C4244: '-=' : conversion from 'double' to 'float', possible loss of data
     1>Source\DesktopDraw.cpp(277): warning C4244: '+=' : conversion from 'double' to 'float', possible loss of data
         Main.cpp
       Link:
         C:\Program Files (x86)\Microsoft Visual Studio 12.0\VC\bin\x86_amd64\link.exe /ERRORREPORT:PROMPT /OUT:"C:\Users\Karbon\Desktop\DreamscapeTest\DreamscapeTest\x64\Release\Handler.dll" /INCREMENTAL:NO /NOLOGO /LIBPATH:C:\Users\Karbon\Desktop\DreamscapeTest\DreamscapeTest\Injected\Source d3dx9.lib kernel32.lib user32.lib gdi32.lib winspool.lib comdlg32.lib advapi32.lib shell32.lib ole32.lib oleaut32.lib uuid.lib odbc32.lib odbccp32.lib kernel32.lib user32.lib gdi32.lib winspool.lib comdlg32.lib advapi32.lib shell32.lib ole32.lib oleaut32.lib uuid.lib odbc32.lib odbccp32.lib /MANIFEST /MANIFESTUAC:"level='asInvoker' uiAccess='false'" /manifest:embed /DEBUG /PDB:"C:\Users\Karbon\Desktop\DreamscapeTest\DreamscapeTest\x64\Release\Handler.pdb" /SUBSYSTEM:WINDOWS /OPT:REF /OPT:ICF /LTCG /TLBID:1 /DYNAMICBASE /NXCOMPAT /IMPLIB:"C:\Users\Karbon\Desktop\DreamscapeTest\DreamscapeTest\x64\Release\Handler.lib" /MACHINE:X64 /DLL x64\Release\DesktopDraw.obj
         x64\Release\Main.obj
         ..\..\..\d3dx9.lib
            Creating library C:\Users\Karbon\Desktop\DreamscapeTest\DreamscapeTest\x64\Release\Handler.lib and object C:\Users\Karbon\Desktop\DreamscapeTest\DreamscapeTest\x64\Release\Handler.exp
         Generating code
         Finished generating code
         Injected.vcxproj -> C:\Users\Karbon\Desktop\DreamscapeTest\DreamscapeTest\x64\Release\Handler.dll
     1>Done Building Project "C:\Users\Karbon\Desktop\DreamscapeTest\DreamscapeTest\Injected\Injected.vcxproj" (Rebuild target(s)).

Build succeeded.

Time Elapsed 00:00:01.44
